#
# There is insufficient memory for the Java Runtime Environment to continue.
# Native memory allocation (malloc) failed to allocate 923056 bytes for Chunk::new
# Possible reasons:
#   The system is out of physical RAM or swap space
#   The process is running with CompressedOops enabled, and the Java Heap may be blocking the growth of the native heap
# Possible solutions:
#   Reduce memory load on the system
#   Increase physical memory or swap space
#   Check if swap backing store is full
#   Decrease Java heap size (-Xmx/-Xms)
#   Decrease number of Java threads
#   Decrease Java thread stack sizes (-Xss)
#   Set larger code cache with -XX:ReservedCodeCacheSize=
#   JVM is running with Unscaled Compressed Oops mode in which the Java heap is
#     placed in the first 4GB address space. The Java Heap base address is the
#     maximum limit for the native heap growth. Please use -XX:HeapBaseMinAddress
#     to set the Java Heap base and to place the Java Heap above 4GB virtual address.
# This output file may be truncated or incomplete.
#
#  Out of Memory Error (./src/hotspot/share/memory/arena.cpp:197), pid=17400, tid=16500
#
# JRE version: OpenJDK Runtime Environment (11.0.12+7) (build 11.0.12+7-b1504.28-7817840)
# Java VM: OpenJDK 64-Bit Server VM (11.0.12+7-b1504.28-7817840, mixed mode, tiered, compressed oops, g1 gc, windows-amd64)
# No core dump will be written. Minidumps are not enabled by default on client versions of Windows
#

---------------  S U M M A R Y ------------

Command Line: org.jetbrains.kotlin.cli.jvm.K2JVMCompiler @C:\Users\ojard\Desktop\proje\AboutMe\app\build\20220712_2757786659917626106.compiler.options

Host: Intel(R) Core(TM) i7-7500U CPU @ 2.70GHz, 4 cores, 7G,  Windows 10 , 64 bit Build 19041 (10.0.19041.1741)
Time: Tue Jul 12 09:17:46 2022 Hora de Verão de GMT elapsed time: 8.181997 seconds (0d 0h 0m 8s)

---------------  T H R E A D  ---------------

Current thread (0x000001461c0fb000):  JavaThread "C2 CompilerThread0" daemon [_thread_in_native, id=16500, stack(0x00000027a6700000,0x00000027a6800000)]


Current CompileTask:
C2:   8182 2651   !   4       java.net.URL::<init> (543 bytes)

Stack: [0x00000027a6700000,0x00000027a6800000]
Native frames: (J=compiled Java code, j=interpreted, Vv=VM code, C=native code)
V  [jvm.dll+0x5fbcea]
V  [jvm.dll+0x731905]
V  [jvm.dll+0x732f1d]
V  [jvm.dll+0x7335d3]
V  [jvm.dll+0x247bf8]
V  [jvm.dll+0xc018c]
V  [jvm.dll+0xc06cc]
V  [jvm.dll+0x35b31d]
V  [jvm.dll+0x19d0bc]
V  [jvm.dll+0x20070e]
V  [jvm.dll+0x1ff794]
V  [jvm.dll+0x18868c]
V  [jvm.dll+0x20e0d7]
V  [jvm.dll+0x20c901]
V  [jvm.dll+0x6f9b7f]
V  [jvm.dll+0x6f26a5]
V  [jvm.dll+0x5fabf6]
C  [ucrtbase.dll+0x21bb2]
C  [KERNEL32.DLL+0x17034]
C  [ntdll.dll+0x52651]


---------------  P R O C E S S  ---------------

Threads class SMR info:
_java_thread_list=0x000001461cbc5d00, length=10, elements={
0x000001460063d000, 0x000001461c0d7000, 0x000001461c0d8000, 0x000001461c0f4800,
0x000001461c0f6800, 0x000001461c0f7000, 0x000001461c0fb000, 0x000001461c101800,
0x000001461cadd000, 0x000001461cbcf000
}

Java Threads: ( => current thread )
  0x000001460063d000 JavaThread "main" [_thread_in_vm, id=3108, stack(0x00000027a5b00000,0x00000027a5c00000)]
  0x000001461c0d7000 JavaThread "Reference Handler" daemon [_thread_blocked, id=17476, stack(0x00000027a6200000,0x00000027a6300000)]
  0x000001461c0d8000 JavaThread "Finalizer" daemon [_thread_blocked, id=1112, stack(0x00000027a6300000,0x00000027a6400000)]
  0x000001461c0f4800 JavaThread "Signal Dispatcher" daemon [_thread_blocked, id=6520, stack(0x00000027a6400000,0x00000027a6500000)]
  0x000001461c0f6800 JavaThread "Attach Listener" daemon [_thread_blocked, id=13712, stack(0x00000027a6500000,0x00000027a6600000)]
  0x000001461c0f7000 JavaThread "Service Thread" daemon [_thread_blocked, id=8552, stack(0x00000027a6600000,0x00000027a6700000)]
=>0x000001461c0fb000 JavaThread "C2 CompilerThread0" daemon [_thread_in_native, id=16500, stack(0x00000027a6700000,0x00000027a6800000)]
  0x000001461c101800 JavaThread "C1 CompilerThread0" daemon [_thread_blocked, id=18292, stack(0x00000027a6800000,0x00000027a6900000)]
  0x000001461cadd000 JavaThread "Sweeper thread" daemon [_thread_blocked, id=9872, stack(0x00000027a6900000,0x00000027a6a00000)]
  0x000001461cbcf000 JavaThread "Common-Cleaner" daemon [_thread_blocked, id=13716, stack(0x00000027a6b00000,0x00000027a6c00000)]

Other Threads:
  0x000001461c0ae800 VMThread "VM Thread" [stack: 0x00000027a6100000,0x00000027a6200000] [id=13544]
  0x000001461cbc8800 WatcherThread [stack: 0x00000027a6a00000,0x00000027a6b00000] [id=1312]
  0x0000014600656000 GCTaskThread "GC Thread#0" [stack: 0x00000027a5c00000,0x00000027a5d00000] [id=6468]
  0x000001461cf4f000 GCTaskThread "GC Thread#1" [stack: 0x00000027a6c00000,0x00000027a6d00000] [id=3744]
  0x000001461d041000 GCTaskThread "GC Thread#2" [stack: 0x00000027a6d00000,0x00000027a6e00000] [id=15644]
  0x0000014600684800 ConcurrentGCThread "G1 Main Marker" [stack: 0x00000027a5d00000,0x00000027a5e00000] [id=18396]
  0x0000014600686000 ConcurrentGCThread "G1 Conc#0" [stack: 0x00000027a5e00000,0x00000027a5f00000] [id=16276]
  0x0000014600719800 ConcurrentGCThread "G1 Refine#0" [stack: 0x00000027a5f00000,0x00000027a6000000] [id=3320]
  0x000001460071a800 ConcurrentGCThread "G1 Young RemSet Sampling" [stack: 0x00000027a6000000,0x00000027a6100000] [id=9888]

Threads with active compile tasks:
C2 CompilerThread0   8223 2651   !   4       java.net.URL::<init> (543 bytes)

VM state:not at safepoint (normal execution)

VM Mutex/Monitor currently owned by a thread: None

Heap address: 0x0000000081a00000, size: 2022 MB, Compressed Oops mode: 32-bit
Narrow klass base: 0x0000000000000000, Narrow klass shift: 3
Compressed class space size: 1073741824 Address: 0x0000000100000000

Heap:
 garbage-first heap   total 131072K, used 44137K [0x0000000081a00000, 0x0000000100000000)
  region size 1024K, 25 young (25600K), 2 survivors (2048K)
 Metaspace       used 39260K, capacity 39741K, committed 40064K, reserved 1085440K
  class space    used 4717K, capacity 4897K, committed 4992K, reserved 1048576K
Heap Regions: E=young(eden), S=young(survivor), O=old, HS=humongous(starts), HC=humongous(continues), CS=collection set, F=free, A=archive, TAMS=top-at-mark-start (previous, next)
|   0|0x0000000081a00000, 0x0000000081b00000, 0x0000000081b00000|100%|HS|  |TAMS 0x0000000081b00000, 0x0000000081a00000| Complete 
|   1|0x0000000081b00000, 0x0000000081c00000, 0x0000000081c00000|100%|HC|  |TAMS 0x0000000081c00000, 0x0000000081b00000| Complete 
|   2|0x0000000081c00000, 0x0000000081d00000, 0x0000000081d00000|100%|HC|  |TAMS 0x0000000081d00000, 0x0000000081c00000| Complete 
|   3|0x0000000081d00000, 0x0000000081e00000, 0x0000000081e00000|100%| O|  |TAMS 0x0000000081e00000, 0x0000000081d00000| Untracked 
|   4|0x0000000081e00000, 0x0000000081f00000, 0x0000000081f00000|100%| O|  |TAMS 0x0000000081f00000, 0x0000000081e00000| Untracked 
|   5|0x0000000081f00000, 0x0000000082000000, 0x0000000082000000|100%|HS|  |TAMS 0x0000000082000000, 0x0000000081f00000| Complete 
|   6|0x0000000082000000, 0x0000000082100000, 0x0000000082100000|100%|HC|  |TAMS 0x0000000082100000, 0x0000000082000000| Complete 
|   7|0x0000000082100000, 0x0000000082200000, 0x0000000082200000|100%|HC|  |TAMS 0x0000000082200000, 0x0000000082100000| Complete 
|   8|0x0000000082200000, 0x0000000082300000, 0x0000000082300000|100%|HS|  |TAMS 0x0000000082300000, 0x0000000082200000| Complete 
|   9|0x0000000082300000, 0x0000000082400000, 0x0000000082400000|100%|HC|  |TAMS 0x0000000082400000, 0x0000000082300000| Complete 
|  10|0x0000000082400000, 0x0000000082500000, 0x0000000082500000|100%| O|  |TAMS 0x0000000082500000, 0x0000000082400000| Untracked 
|  11|0x0000000082500000, 0x0000000082600000, 0x0000000082600000|100%| O|  |TAMS 0x0000000082600000, 0x0000000082500000| Untracked 
|  12|0x0000000082600000, 0x0000000082700000, 0x0000000082700000|100%| O|  |TAMS 0x0000000082700000, 0x0000000082600000| Untracked 
|  13|0x0000000082700000, 0x0000000082800000, 0x0000000082800000|100%| O|  |TAMS 0x0000000082800000, 0x0000000082700000| Untracked 
|  14|0x0000000082800000, 0x0000000082900000, 0x0000000082900000|100%| O|  |TAMS 0x0000000082900000, 0x0000000082800000| Untracked 
|  15|0x0000000082900000, 0x0000000082a00000, 0x0000000082a00000|100%| O|  |TAMS 0x0000000082a00000, 0x0000000082900000| Untracked 
|  16|0x0000000082a00000, 0x0000000082b00000, 0x0000000082b00000|100%| O|  |TAMS 0x0000000082b00000, 0x0000000082a00000| Untracked 
|  17|0x0000000082b00000, 0x0000000082c00000, 0x0000000082c00000|100%| O|  |TAMS 0x0000000082c00000, 0x0000000082b00000| Untracked 
|  18|0x0000000082c00000, 0x0000000082d00000, 0x0000000082d00000|100%| O|  |TAMS 0x0000000082d00000, 0x0000000082c00000| Untracked 
|  19|0x0000000082d00000, 0x0000000082d72400, 0x0000000082e00000| 44%| O|  |TAMS 0x0000000082d72400, 0x0000000082d00000| Untracked 
|  20|0x0000000082e00000, 0x0000000082e00000, 0x0000000082f00000|  0%| F|  |TAMS 0x0000000082e00000, 0x0000000082e00000| Untracked 
|  21|0x0000000082f00000, 0x0000000082f00000, 0x0000000083000000|  0%| F|  |TAMS 0x0000000082f00000, 0x0000000082f00000| Untracked 
|  22|0x0000000083000000, 0x0000000083000000, 0x0000000083100000|  0%| F|  |TAMS 0x0000000083000000, 0x0000000083000000| Untracked 
|  23|0x0000000083100000, 0x0000000083100000, 0x0000000083200000|  0%| F|  |TAMS 0x0000000083100000, 0x0000000083100000| Untracked 
|  24|0x0000000083200000, 0x0000000083200000, 0x0000000083300000|  0%| F|  |TAMS 0x0000000083200000, 0x0000000083200000| Untracked 
|  25|0x0000000083300000, 0x0000000083300000, 0x0000000083400000|  0%| F|  |TAMS 0x0000000083300000, 0x0000000083300000| Untracked 
|  26|0x0000000083400000, 0x0000000083400000, 0x0000000083500000|  0%| F|  |TAMS 0x0000000083400000, 0x0000000083400000| Untracked 
|  27|0x0000000083500000, 0x0000000083500000, 0x0000000083600000|  0%| F|  |TAMS 0x0000000083500000, 0x0000000083500000| Untracked 
|  28|0x0000000083600000, 0x0000000083600000, 0x0000000083700000|  0%| F|  |TAMS 0x0000000083600000, 0x0000000083600000| Untracked 
|  29|0x0000000083700000, 0x0000000083700000, 0x0000000083800000|  0%| F|  |TAMS 0x0000000083700000, 0x0000000083700000| Untracked 
|  30|0x0000000083800000, 0x0000000083800000, 0x0000000083900000|  0%| F|  |TAMS 0x0000000083800000, 0x0000000083800000| Untracked 
|  31|0x0000000083900000, 0x0000000083900000, 0x0000000083a00000|  0%| F|  |TAMS 0x0000000083900000, 0x0000000083900000| Untracked 
|  32|0x0000000083a00000, 0x0000000083a00000, 0x0000000083b00000|  0%| F|  |TAMS 0x0000000083a00000, 0x0000000083a00000| Untracked 
|  33|0x0000000083b00000, 0x0000000083b00000, 0x0000000083c00000|  0%| F|  |TAMS 0x0000000083b00000, 0x0000000083b00000| Untracked 
|  34|0x0000000083c00000, 0x0000000083c00000, 0x0000000083d00000|  0%| F|  |TAMS 0x0000000083c00000, 0x0000000083c00000| Untracked 
|  35|0x0000000083d00000, 0x0000000083d00000, 0x0000000083e00000|  0%| F|  |TAMS 0x0000000083d00000, 0x0000000083d00000| Untracked 
|  36|0x0000000083e00000, 0x0000000083e00000, 0x0000000083f00000|  0%| F|  |TAMS 0x0000000083e00000, 0x0000000083e00000| Untracked 
|  37|0x0000000083f00000, 0x0000000083f00000, 0x0000000084000000|  0%| F|  |TAMS 0x0000000083f00000, 0x0000000083f00000| Untracked 
|  38|0x0000000084000000, 0x0000000084000000, 0x0000000084100000|  0%| F|  |TAMS 0x0000000084000000, 0x0000000084000000| Untracked 
|  39|0x0000000084100000, 0x0000000084100000, 0x0000000084200000|  0%| F|  |TAMS 0x0000000084100000, 0x0000000084100000| Untracked 
|  40|0x0000000084200000, 0x0000000084200000, 0x0000000084300000|  0%| F|  |TAMS 0x0000000084200000, 0x0000000084200000| Untracked 
|  41|0x0000000084300000, 0x0000000084300000, 0x0000000084400000|  0%| F|  |TAMS 0x0000000084300000, 0x0000000084300000| Untracked 
|  42|0x0000000084400000, 0x0000000084400000, 0x0000000084500000|  0%| F|  |TAMS 0x0000000084400000, 0x0000000084400000| Untracked 
|  43|0x0000000084500000, 0x0000000084500000, 0x0000000084600000|  0%| F|  |TAMS 0x0000000084500000, 0x0000000084500000| Untracked 
|  44|0x0000000084600000, 0x0000000084600000, 0x0000000084700000|  0%| F|  |TAMS 0x0000000084600000, 0x0000000084600000| Untracked 
|  45|0x0000000084700000, 0x0000000084700000, 0x0000000084800000|  0%| F|  |TAMS 0x0000000084700000, 0x0000000084700000| Untracked 
|  46|0x0000000084800000, 0x0000000084800000, 0x0000000084900000|  0%| F|  |TAMS 0x0000000084800000, 0x0000000084800000| Untracked 
|  47|0x0000000084900000, 0x0000000084900000, 0x0000000084a00000|  0%| F|  |TAMS 0x0000000084900000, 0x0000000084900000| Untracked 
|  48|0x0000000084a00000, 0x0000000084a00000, 0x0000000084b00000|  0%| F|  |TAMS 0x0000000084a00000, 0x0000000084a00000| Untracked 
|  49|0x0000000084b00000, 0x0000000084b00000, 0x0000000084c00000|  0%| F|  |TAMS 0x0000000084b00000, 0x0000000084b00000| Untracked 
|  50|0x0000000084c00000, 0x0000000084c00000, 0x0000000084d00000|  0%| F|  |TAMS 0x0000000084c00000, 0x0000000084c00000| Untracked 
|  51|0x0000000084d00000, 0x0000000084d00000, 0x0000000084e00000|  0%| F|  |TAMS 0x0000000084d00000, 0x0000000084d00000| Untracked 
|  52|0x0000000084e00000, 0x0000000084e00000, 0x0000000084f00000|  0%| F|  |TAMS 0x0000000084e00000, 0x0000000084e00000| Untracked 
|  53|0x0000000084f00000, 0x0000000084f00000, 0x0000000085000000|  0%| F|  |TAMS 0x0000000084f00000, 0x0000000084f00000| Untracked 
|  54|0x0000000085000000, 0x0000000085000000, 0x0000000085100000|  0%| F|  |TAMS 0x0000000085000000, 0x0000000085000000| Untracked 
|  55|0x0000000085100000, 0x0000000085100000, 0x0000000085200000|  0%| F|  |TAMS 0x0000000085100000, 0x0000000085100000| Untracked 
|  56|0x0000000085200000, 0x0000000085200000, 0x0000000085300000|  0%| F|  |TAMS 0x0000000085200000, 0x0000000085200000| Untracked 
|  57|0x0000000085300000, 0x0000000085300000, 0x0000000085400000|  0%| F|  |TAMS 0x0000000085300000, 0x0000000085300000| Untracked 
|  58|0x0000000085400000, 0x0000000085400000, 0x0000000085500000|  0%| F|  |TAMS 0x0000000085400000, 0x0000000085400000| Untracked 
|  59|0x0000000085500000, 0x0000000085500000, 0x0000000085600000|  0%| F|  |TAMS 0x0000000085500000, 0x0000000085500000| Untracked 
|  60|0x0000000085600000, 0x0000000085600000, 0x0000000085700000|  0%| F|  |TAMS 0x0000000085600000, 0x0000000085600000| Untracked 
|  61|0x0000000085700000, 0x0000000085700000, 0x0000000085800000|  0%| F|  |TAMS 0x0000000085700000, 0x0000000085700000| Untracked 
|  62|0x0000000085800000, 0x0000000085800000, 0x0000000085900000|  0%| F|  |TAMS 0x0000000085800000, 0x0000000085800000| Untracked 
|  63|0x0000000085900000, 0x0000000085900000, 0x0000000085a00000|  0%| F|  |TAMS 0x0000000085900000, 0x0000000085900000| Untracked 
|  64|0x0000000085a00000, 0x0000000085a00000, 0x0000000085b00000|  0%| F|  |TAMS 0x0000000085a00000, 0x0000000085a00000| Untracked 
|  65|0x0000000085b00000, 0x0000000085b00000, 0x0000000085c00000|  0%| F|  |TAMS 0x0000000085b00000, 0x0000000085b00000| Untracked 
|  66|0x0000000085c00000, 0x0000000085c00000, 0x0000000085d00000|  0%| F|  |TAMS 0x0000000085c00000, 0x0000000085c00000| Untracked 
|  67|0x0000000085d00000, 0x0000000085d00000, 0x0000000085e00000|  0%| F|  |TAMS 0x0000000085d00000, 0x0000000085d00000| Untracked 
|  68|0x0000000085e00000, 0x0000000085e00000, 0x0000000085f00000|  0%| F|  |TAMS 0x0000000085e00000, 0x0000000085e00000| Untracked 
|  69|0x0000000085f00000, 0x0000000085f00000, 0x0000000086000000|  0%| F|  |TAMS 0x0000000085f00000, 0x0000000085f00000| Untracked 
|  70|0x0000000086000000, 0x0000000086000000, 0x0000000086100000|  0%| F|  |TAMS 0x0000000086000000, 0x0000000086000000| Untracked 
|  71|0x0000000086100000, 0x0000000086100000, 0x0000000086200000|  0%| F|  |TAMS 0x0000000086100000, 0x0000000086100000| Untracked 
|  72|0x0000000086200000, 0x0000000086200000, 0x0000000086300000|  0%| F|  |TAMS 0x0000000086200000, 0x0000000086200000| Untracked 
|  73|0x0000000086300000, 0x0000000086300000, 0x0000000086400000|  0%| F|  |TAMS 0x0000000086300000, 0x0000000086300000| Untracked 
|  74|0x0000000086400000, 0x0000000086400000, 0x0000000086500000|  0%| F|  |TAMS 0x0000000086400000, 0x0000000086400000| Untracked 
|  75|0x0000000086500000, 0x0000000086500000, 0x0000000086600000|  0%| F|  |TAMS 0x0000000086500000, 0x0000000086500000| Untracked 
|  76|0x0000000086600000, 0x0000000086600000, 0x0000000086700000|  0%| F|  |TAMS 0x0000000086600000, 0x0000000086600000| Untracked 
|  77|0x0000000086700000, 0x0000000086700000, 0x0000000086800000|  0%| F|  |TAMS 0x0000000086700000, 0x0000000086700000| Untracked 
|  78|0x0000000086800000, 0x0000000086800000, 0x0000000086900000|  0%| F|  |TAMS 0x0000000086800000, 0x0000000086800000| Untracked 
|  79|0x0000000086900000, 0x0000000086900000, 0x0000000086a00000|  0%| F|  |TAMS 0x0000000086900000, 0x0000000086900000| Untracked 
|  80|0x0000000086a00000, 0x0000000086a00000, 0x0000000086b00000|  0%| F|  |TAMS 0x0000000086a00000, 0x0000000086a00000| Untracked 
|  81|0x0000000086b00000, 0x0000000086b00000, 0x0000000086c00000|  0%| F|  |TAMS 0x0000000086b00000, 0x0000000086b00000| Untracked 
|  82|0x0000000086c00000, 0x0000000086c00000, 0x0000000086d00000|  0%| F|  |TAMS 0x0000000086c00000, 0x0000000086c00000| Untracked 
|  83|0x0000000086d00000, 0x0000000086d00000, 0x0000000086e00000|  0%| F|  |TAMS 0x0000000086d00000, 0x0000000086d00000| Untracked 
|  84|0x0000000086e00000, 0x0000000086e00000, 0x0000000086f00000|  0%| F|  |TAMS 0x0000000086e00000, 0x0000000086e00000| Untracked 
|  85|0x0000000086f00000, 0x0000000086f00000, 0x0000000087000000|  0%| F|  |TAMS 0x0000000086f00000, 0x0000000086f00000| Untracked 
|  86|0x0000000087000000, 0x0000000087000000, 0x0000000087100000|  0%| F|  |TAMS 0x0000000087000000, 0x0000000087000000| Untracked 
|  87|0x0000000087100000, 0x0000000087100000, 0x0000000087200000|  0%| F|  |TAMS 0x0000000087100000, 0x0000000087100000| Untracked 
|  88|0x0000000087200000, 0x0000000087200000, 0x0000000087300000|  0%| F|  |TAMS 0x0000000087200000, 0x0000000087200000| Untracked 
|  89|0x0000000087300000, 0x0000000087300000, 0x0000000087400000|  0%| F|  |TAMS 0x0000000087300000, 0x0000000087300000| Untracked 
|  90|0x0000000087400000, 0x0000000087400000, 0x0000000087500000|  0%| F|  |TAMS 0x0000000087400000, 0x0000000087400000| Untracked 
|  91|0x0000000087500000, 0x0000000087500000, 0x0000000087600000|  0%| F|  |TAMS 0x0000000087500000, 0x0000000087500000| Untracked 
|  92|0x0000000087600000, 0x0000000087600000, 0x0000000087700000|  0%| F|  |TAMS 0x0000000087600000, 0x0000000087600000| Untracked 
|  93|0x0000000087700000, 0x0000000087700000, 0x0000000087800000|  0%| F|  |TAMS 0x0000000087700000, 0x0000000087700000| Untracked 
|  94|0x0000000087800000, 0x0000000087800000, 0x0000000087900000|  0%| F|  |TAMS 0x0000000087800000, 0x0000000087800000| Untracked 
|  95|0x0000000087900000, 0x0000000087900000, 0x0000000087a00000|  0%| F|  |TAMS 0x0000000087900000, 0x0000000087900000| Untracked 
|  96|0x0000000087a00000, 0x0000000087a00000, 0x0000000087b00000|  0%| F|  |TAMS 0x0000000087a00000, 0x0000000087a00000| Untracked 
|  97|0x0000000087b00000, 0x0000000087b00000, 0x0000000087c00000|  0%| F|  |TAMS 0x0000000087b00000, 0x0000000087b00000| Untracked 
|  98|0x0000000087c00000, 0x0000000087c00000, 0x0000000087d00000|  0%| F|  |TAMS 0x0000000087c00000, 0x0000000087c00000| Untracked 
|  99|0x0000000087d00000, 0x0000000087d00000, 0x0000000087e00000|  0%| F|  |TAMS 0x0000000087d00000, 0x0000000087d00000| Untracked 
| 100|0x0000000087e00000, 0x0000000087e00000, 0x0000000087f00000|  0%| F|  |TAMS 0x0000000087e00000, 0x0000000087e00000| Untracked 
| 101|0x0000000087f00000, 0x0000000087f00000, 0x0000000088000000|  0%| F|  |TAMS 0x0000000087f00000, 0x0000000087f00000| Untracked 
| 102|0x0000000088000000, 0x0000000088000000, 0x0000000088100000|  0%| F|  |TAMS 0x0000000088000000, 0x0000000088000000| Untracked 
| 103|0x0000000088100000, 0x0000000088200000, 0x0000000088200000|100%| E|  |TAMS 0x0000000088100000, 0x0000000088100000| Complete 
| 104|0x0000000088200000, 0x0000000088300000, 0x0000000088300000|100%| E|CS|TAMS 0x0000000088200000, 0x0000000088200000| Complete 
| 105|0x0000000088300000, 0x0000000088400000, 0x0000000088400000|100%| E|CS|TAMS 0x0000000088300000, 0x0000000088300000| Complete 
| 106|0x0000000088400000, 0x0000000088500000, 0x0000000088500000|100%| E|CS|TAMS 0x0000000088400000, 0x0000000088400000| Complete 
| 107|0x0000000088500000, 0x0000000088600000, 0x0000000088600000|100%| E|CS|TAMS 0x0000000088500000, 0x0000000088500000| Complete 
| 108|0x0000000088600000, 0x0000000088700000, 0x0000000088700000|100%| E|CS|TAMS 0x0000000088600000, 0x0000000088600000| Complete 
| 109|0x0000000088700000, 0x0000000088800000, 0x0000000088800000|100%| E|CS|TAMS 0x0000000088700000, 0x0000000088700000| Complete 
| 110|0x0000000088800000, 0x0000000088900000, 0x0000000088900000|100%| E|CS|TAMS 0x0000000088800000, 0x0000000088800000| Complete 
| 111|0x0000000088900000, 0x0000000088a00000, 0x0000000088a00000|100%| E|CS|TAMS 0x0000000088900000, 0x0000000088900000| Complete 
| 112|0x0000000088a00000, 0x0000000088b00000, 0x0000000088b00000|100%| E|CS|TAMS 0x0000000088a00000, 0x0000000088a00000| Complete 
| 113|0x0000000088b00000, 0x0000000088ba8180, 0x0000000088c00000| 65%| S|CS|TAMS 0x0000000088b00000, 0x0000000088b00000| Complete 
| 114|0x0000000088c00000, 0x0000000088d00000, 0x0000000088d00000|100%| S|CS|TAMS 0x0000000088c00000, 0x0000000088c00000| Complete 
| 115|0x0000000088d00000, 0x0000000088e00000, 0x0000000088e00000|100%| E|CS|TAMS 0x0000000088d00000, 0x0000000088d00000| Complete 
| 116|0x0000000088e00000, 0x0000000088f00000, 0x0000000088f00000|100%| E|CS|TAMS 0x0000000088e00000, 0x0000000088e00000| Complete 
| 117|0x0000000088f00000, 0x0000000089000000, 0x0000000089000000|100%| E|CS|TAMS 0x0000000088f00000, 0x0000000088f00000| Complete 
| 118|0x0000000089000000, 0x0000000089100000, 0x0000000089100000|100%| E|CS|TAMS 0x0000000089000000, 0x0000000089000000| Complete 
| 119|0x0000000089100000, 0x0000000089200000, 0x0000000089200000|100%| E|CS|TAMS 0x0000000089100000, 0x0000000089100000| Complete 
| 120|0x0000000089200000, 0x0000000089300000, 0x0000000089300000|100%| E|CS|TAMS 0x0000000089200000, 0x0000000089200000| Complete 
| 121|0x0000000089300000, 0x0000000089400000, 0x0000000089400000|100%| E|CS|TAMS 0x0000000089300000, 0x0000000089300000| Complete 
| 122|0x0000000089400000, 0x0000000089500000, 0x0000000089500000|100%| E|CS|TAMS 0x0000000089400000, 0x0000000089400000| Complete 
| 123|0x0000000089500000, 0x0000000089600000, 0x0000000089600000|100%| E|CS|TAMS 0x0000000089500000, 0x0000000089500000| Complete 
| 124|0x0000000089600000, 0x0000000089700000, 0x0000000089700000|100%| E|CS|TAMS 0x0000000089600000, 0x0000000089600000| Complete 
| 125|0x0000000089700000, 0x0000000089800000, 0x0000000089800000|100%| E|CS|TAMS 0x0000000089700000, 0x0000000089700000| Complete 
| 126|0x0000000089800000, 0x0000000089900000, 0x0000000089900000|100%| E|CS|TAMS 0x0000000089800000, 0x0000000089800000| Complete 
| 127|0x0000000089900000, 0x0000000089a00000, 0x0000000089a00000|100%| E|CS|TAMS 0x0000000089900000, 0x0000000089900000| Complete 

Card table byte_map: [0x0000014615350000,0x0000014615750000] _byte_map_base: 0x0000014614f43000

Marking Bits (Prev, Next): (CMBitMap*) 0x000001460067beb8, (CMBitMap*) 0x000001460067bef0
 Prev Bits: [0x0000014615b50000, 0x0000014617ae8000)
 Next Bits: [0x0000014617af0000, 0x0000014619a88000)

Polling page: 0x0000014600720000

Metaspace:

Usage:
  Non-class:     34.09 MB capacity,    33.76 MB (>99%) used,   277.31 KB ( <1%) free+waste,    56.44 KB ( <1%) overhead. 
      Class:      4.78 MB capacity,     4.61 MB ( 96%) used,   148.30 KB (  3%) free+waste,    25.63 KB ( <1%) overhead. 
       Both:     38.87 MB capacity,    38.38 MB ( 99%) used,   425.61 KB (  1%) free+waste,    82.06 KB ( <1%) overhead. 

Virtual space:
  Non-class space:       36.00 MB reserved,      34.25 MB ( 95%) committed 
      Class space:        1.00 GB reserved,       4.88 MB ( <1%) committed 
             Both:        1.04 GB reserved,      39.13 MB (  4%) committed 

Chunk freelists:
   Non-Class:  36.00 KB
       Class:  31.00 KB
        Both:  67.00 KB

MaxMetaspaceSize: 17179869184.00 GB
CompressedClassSpaceSize: 1.00 GB
Initial GC threshold: 20.80 MB
Current GC threshold: 58.34 MB
CDS: off

CodeHeap 'non-profiled nmethods': size=120064Kb used=943Kb max_used=943Kb free=119121Kb
 bounds [0x000001460d3e0000, 0x000001460d650000, 0x0000014614920000]
CodeHeap 'profiled nmethods': size=120000Kb used=5455Kb max_used=5455Kb free=114544Kb
 bounds [0x0000014605eb0000, 0x0000014606410000, 0x000001460d3e0000]
CodeHeap 'non-nmethods': size=5696Kb used=1255Kb max_used=1298Kb free=4440Kb
 bounds [0x0000014605920000, 0x0000014605b90000, 0x0000014605eb0000]
 total_blobs=3206 nmethods=2678 adapters=440
 compilation: enabled
              stopped_count=0, restarted_count=0
 full_count=0

Compilation events (20 events):
Event: 8.046 Thread 0x000001461c101800 2669       3       java.lang.Class::getAnnotation (22 bytes)
Event: 8.046 Thread 0x000001461c101800 nmethod 2669 0x00000146063f7590 code [0x00000146063f7780, 0x00000146063f7bc8]
Event: 8.060 Thread 0x000001461c101800 2670       3       kotlin.sequences.SequencesKt__SequencesKt::generateSequence (42 bytes)
Event: 8.062 Thread 0x000001461c101800 nmethod 2670 0x00000146063f7d90 code [0x00000146063f8080, 0x00000146063f8f18]
Event: 8.062 Thread 0x000001461c101800 2672       3       kotlin.collections.CollectionsKt__MutableCollectionsKt::addAll (56 bytes)
Event: 8.063 Thread 0x000001461c101800 nmethod 2672 0x00000146063f9490 code [0x00000146063f9780, 0x00000146063fa5f8]
Event: 8.063 Thread 0x000001461c101800 2671       3       kotlin.sequences.SequencesKt__SequencesKt$generateSequence$2::<init> (11 bytes)
Event: 8.063 Thread 0x000001461c101800 nmethod 2671 0x00000146063fab10 code [0x00000146063facc0, 0x00000146063faed8]
Event: 8.063 Thread 0x000001461c101800 2673       3       java.util.ArrayList::fastRemove (44 bytes)
Event: 8.064 Thread 0x000001461c101800 nmethod 2673 0x00000146063fb010 code [0x00000146063fb1e0, 0x00000146063fb5c8]
Event: 8.081 Thread 0x000001461c101800 2674       3       java.lang.Class::getConstructors (27 bytes)
Event: 8.081 Thread 0x000001461c101800 nmethod 2674 0x00000146063fb710 code [0x00000146063fb900, 0x00000146063fbb98]
Event: 8.083 Thread 0x000001461c101800 2675       3       kotlin.SynchronizedLazyImpl::<init> (15 bytes)
Event: 8.084 Thread 0x000001461c101800 nmethod 2675 0x00000146063fbc90 code [0x00000146063fbe40, 0x00000146063fbfa8]
Event: 8.107 Thread 0x000001461c101800 2676       3       java.lang.Class::createAnnotationData (195 bytes)
Event: 8.109 Thread 0x000001461c101800 nmethod 2676 0x00000146063fc090 code [0x00000146063fc420, 0x00000146063fd938]
Event: 8.115 Thread 0x000001461c101800 2677       3       java.lang.reflect.Constructor::copy (72 bytes)
Event: 8.116 Thread 0x000001461c101800 nmethod 2677 0x00000146063fe090 code [0x00000146063fe260, 0x00000146063fe5f8]
Event: 8.116 Thread 0x000001461c101800 2678       3       java.lang.reflect.Constructor::<init> (50 bytes)
Event: 8.116 Thread 0x000001461c101800 nmethod 2678 0x00000146063fe710 code [0x00000146063fe8e0, 0x00000146063fed58]

GC Heap History (8 events):
Event: 1.465 GC heap before
{Heap before GC invocations=0 (full 0):
 garbage-first heap   total 131072K, used 17408K [0x0000000081a00000, 0x0000000100000000)
  region size 1024K, 14 young (14336K), 0 survivors (0K)
 Metaspace       used 9850K, capacity 10002K, committed 10112K, reserved 1058816K
  class space    used 840K, capacity 885K, committed 896K, reserved 1048576K
}
Event: 1.483 GC heap after
{Heap after GC invocations=1 (full 0):
 garbage-first heap   total 131072K, used 5237K [0x0000000081a00000, 0x0000000100000000)
  region size 1024K, 2 young (2048K), 2 survivors (2048K)
 Metaspace       used 9850K, capacity 10002K, committed 10112K, reserved 1058816K
  class space    used 840K, capacity 885K, committed 896K, reserved 1048576K
}
Event: 3.731 GC heap before
{Heap before GC invocations=1 (full 0):
 garbage-first heap   total 131072K, used 49269K [0x0000000081a00000, 0x0000000100000000)
  region size 1024K, 46 young (47104K), 2 survivors (2048K)
 Metaspace       used 20790K, capacity 20990K, committed 21248K, reserved 1069056K
  class space    used 2197K, capacity 2280K, committed 2304K, reserved 1048576K
}
Event: 3.759 GC heap after
{Heap after GC invocations=2 (full 0):
 garbage-first heap   total 131072K, used 9154K [0x0000000081a00000, 0x0000000100000000)
  region size 1024K, 6 young (6144K), 6 survivors (6144K)
 Metaspace       used 20790K, capacity 20990K, committed 21248K, reserved 1069056K
  class space    used 2197K, capacity 2280K, committed 2304K, reserved 1048576K
}
Event: 6.459 GC heap before
{Heap before GC invocations=3 (full 0):
 garbage-first heap   total 131072K, used 60354K [0x0000000081a00000, 0x0000000100000000)
  region size 1024K, 51 young (52224K), 6 survivors (6144K)
 Metaspace       used 32248K, capacity 32692K, committed 32896K, reserved 1077248K
  class space    used 4025K, capacity 4214K, committed 4224K, reserved 1048576K
}
Event: 6.483 GC heap after
{Heap after GC invocations=4 (full 0):
 garbage-first heap   total 131072K, used 19973K [0x0000000081a00000, 0x0000000100000000)
  region size 1024K, 6 young (6144K), 6 survivors (6144K)
 Metaspace       used 32248K, capacity 32692K, committed 32896K, reserved 1077248K
  class space    used 4025K, capacity 4214K, committed 4224K, reserved 1048576K
}
Event: 7.292 GC heap before
{Heap before GC invocations=4 (full 0):
 garbage-first heap   total 131072K, used 32261K [0x0000000081a00000, 0x0000000100000000)
  region size 1024K, 19 young (19456K), 6 survivors (6144K)
 Metaspace       used 35032K, capacity 35455K, committed 35584K, reserved 1081344K
  class space    used 4337K, capacity 4538K, committed 4608K, reserved 1048576K
}
Event: 7.312 GC heap after
{Heap after GC invocations=5 (full 0):
 garbage-first heap   total 131072K, used 21609K [0x0000000081a00000, 0x0000000100000000)
  region size 1024K, 2 young (2048K), 2 survivors (2048K)
 Metaspace       used 35032K, capacity 35455K, committed 35584K, reserved 1081344K
  class space    used 4337K, capacity 4538K, committed 4608K, reserved 1048576K
}

Deoptimization events (20 events):
Event: 7.133 Thread 0x000001460063d000 Uncommon trap: trap_request=0xffffffde fr.pc=0x000001460d4aea2c relative=0x00000000000004ac
Event: 7.133 Thread 0x000001460063d000 Uncommon trap: reason=class_check action=maybe_recompile pc=0x000001460d4aea2c method=org.jetbrains.kotlin.protobuf.CodedInputStream.tryRefillBuffer(I)Z @ 177 c2
Event: 7.133 Thread 0x000001460063d000 DEOPT PACKING pc=0x000001460d4aea2c sp=0x00000027a5bfd990
Event: 7.133 Thread 0x000001460063d000 DEOPT UNPACKING pc=0x000001460596a1af sp=0x00000027a5bfd878 mode 2
Event: 7.139 Thread 0x000001460063d000 Uncommon trap: trap_request=0xffffffde fr.pc=0x000001460d4aea2c relative=0x00000000000004ac
Event: 7.139 Thread 0x000001460063d000 Uncommon trap: reason=class_check action=maybe_recompile pc=0x000001460d4aea2c method=org.jetbrains.kotlin.protobuf.CodedInputStream.tryRefillBuffer(I)Z @ 177 c2
Event: 7.139 Thread 0x000001460063d000 DEOPT PACKING pc=0x000001460d4aea2c sp=0x00000027a5bfd990
Event: 7.139 Thread 0x000001460063d000 DEOPT UNPACKING pc=0x000001460596a1af sp=0x00000027a5bfd878 mode 2
Event: 7.139 Thread 0x000001460063d000 Uncommon trap: trap_request=0xffffffde fr.pc=0x000001460d4aea2c relative=0x00000000000004ac
Event: 7.139 Thread 0x000001460063d000 Uncommon trap: reason=class_check action=maybe_recompile pc=0x000001460d4aea2c method=org.jetbrains.kotlin.protobuf.CodedInputStream.tryRefillBuffer(I)Z @ 177 c2
Event: 7.139 Thread 0x000001460063d000 DEOPT PACKING pc=0x000001460d4aea2c sp=0x00000027a5bfd990
Event: 7.139 Thread 0x000001460063d000 DEOPT UNPACKING pc=0x000001460596a1af sp=0x00000027a5bfd878 mode 2
Event: 7.427 Thread 0x000001460063d000 Uncommon trap: trap_request=0xffffff4d fr.pc=0x000001460d40bb6c relative=0x000000000000068c
Event: 7.427 Thread 0x000001460063d000 Uncommon trap: reason=unstable_if action=reinterpret pc=0x000001460d40bb6c method=java.util.concurrent.ConcurrentHashMap.get(Ljava/lang/Object;)Ljava/lang/Object; @ 76 c2
Event: 7.427 Thread 0x000001460063d000 DEOPT PACKING pc=0x000001460d40bb6c sp=0x00000027a5bfa000
Event: 7.427 Thread 0x000001460063d000 DEOPT UNPACKING pc=0x000001460596a1af sp=0x00000027a5bf9f88 mode 2
Event: 7.793 Thread 0x000001460063d000 Uncommon trap: trap_request=0xffffff4d fr.pc=0x000001460d4b84e0 relative=0x0000000000000180
Event: 7.793 Thread 0x000001460063d000 Uncommon trap: reason=unstable_if action=reinterpret pc=0x000001460d4b84e0 method=org.jetbrains.kotlin.com.intellij.util.SmartList.get(I)Ljava/lang/Object; @ 13 c2
Event: 7.793 Thread 0x000001460063d000 DEOPT PACKING pc=0x000001460d4b84e0 sp=0x00000027a5bfdcc0
Event: 7.793 Thread 0x000001460063d000 DEOPT UNPACKING pc=0x000001460596a1af sp=0x00000027a5bfdbe0 mode 2

Classes redefined (0 events):
No events

Internal exceptions (20 events):
Event: 3.688 Thread 0x000001460063d000 Exception <a 'java/lang/NoSuchMethodError'{0x0000000086d81530}: 'long java.lang.invoke.DirectMethodHandle$Holder.invokeStaticInit(java.lang.Object)'> (0x0000000086d81530) thrown at [./src/hotspot/share/interpreter/linkResolver.cpp, line 773]
Event: 3.903 Thread 0x000001460063d000 Exception <a 'java/lang/NoSuchMethodError'{0x00000000897fc768}: 'int java.lang.invoke.DirectMethodHandle$Holder.invokeStaticInit(java.lang.Object, java.lang.Object, java.lang.Object)'> (0x00000000897fc768) thrown at [./src/hotspot/share/interpreter/linkResolver.cpp, line 773]
Event: 3.913 Thread 0x000001460063d000 Exception <a 'java/lang/NoSuchMethodError'{0x0000000089628468}: 'int java.lang.invoke.DirectMethodHandle$Holder.invokeStaticInit(java.lang.Object, java.lang.Object)'> (0x0000000089628468) thrown at [./src/hotspot/share/interpreter/linkResolver.cpp, line 773]
Event: 4.151 Thread 0x000001460063d000 Exception <a 'java/lang/NoSuchMethodError'{0x00000000894399b0}: 'void java.lang.invoke.DirectMethodHandle$Holder.invokeSpecial(java.lang.Object, java.lang.Object)'> (0x00000000894399b0) thrown at [./src/hotspot/share/interpreter/linkResolver.cpp, line 773]
Event: 4.881 Thread 0x000001460063d000 Exception <a 'java/lang/NoSuchMethodError'{0x0000000088c6aee0}: 'java.lang.Object java.lang.invoke.DirectMethodHandle$Holder.invokeStatic(java.lang.Object, java.lang.Object, java.lang.Object, java.lang.Object, java.lang.Object, java.lang.Object, java.lang.Object, java.lang.Object, java.lang.Object, java.lang.Object, java.lang.Object, java.lang.Object, java.lang.Object, java.lang.Object, java.lang.Object)'> (0x0000000088c6aee0) thrown at [./src/hotspot/share/interpreter/linkResolver.cpp, line 773]
Event: 4.884 Thread 0x000001460063d000 Exception <a 'java/lang/NoSuchMethodError'{0x0000000088c78ee8}: 'java.lang.Object java.lang.invoke.DirectMethodHandle$Holder.invokeStatic(java.lang.Object, java.lang.Object, java.lang.Object, java.lang.Object, java.lang.Object, java.lang.Object, java.lang.Object, java.lang.Object, java.lang.Object, java.lang.Object, java.lang.Object, java.lang.Object, java.lang.Object, java.lang.Object, java.lang.Object, java.lang.Object)'> (0x0000000088c78ee8) thrown at [./src/hotspot/share/interpreter/linkResolver.cpp, l
Event: 4.886 Thread 0x000001460063d000 Exception <a 'java/lang/NoSuchMethodError'{0x0000000088c87040}: 'java.lang.Object java.lang.invoke.DirectMethodHandle$Holder.invokeSpecial(java.lang.Object, java.lang.Object, int, int, java.lang.Object, java.lang.Object, java.lang.Object)'> (0x0000000088c87040) thrown at [./src/hotspot/share/interpreter/linkResolver.cpp, line 773]
Event: 4.887 Thread 0x000001460063d000 Exception <a 'java/lang/NoSuchMethodError'{0x0000000088c8a878}: 'java.lang.Object java.lang.invoke.DelegatingMethodHandle$Holder.reinvoke_L(java.lang.Object, int, int, java.lang.Object, java.lang.Object, java.lang.Object)'> (0x0000000088c8a878) thrown at [./src/hotspot/share/interpreter/linkResolver.cpp, line 773]
Event: 4.892 Thread 0x000001460063d000 Exception <a 'java/lang/NoSuchMethodError'{0x0000000088c8ec00}: 'java.lang.Object java.lang.invoke.DirectMethodHandle$Holder.invokeStatic(java.lang.Object, java.lang.Object, java.lang.Object, java.lang.Object, int)'> (0x0000000088c8ec00) thrown at [./src/hotspot/share/interpreter/linkResolver.cpp, line 773]
Event: 5.051 Thread 0x000001460063d000 Exception <a 'sun/nio/fs/WindowsException'{0x0000000088bce0b8}> (0x0000000088bce0b8) thrown at [./src/hotspot/share/prims/jni.cpp, line 615]
Event: 5.051 Thread 0x000001460063d000 Exception <a 'sun/nio/fs/WindowsException'{0x0000000088bce930}> (0x0000000088bce930) thrown at [./src/hotspot/share/prims/jni.cpp, line 615]
Event: 5.052 Thread 0x000001460063d000 Exception <a 'sun/nio/fs/WindowsException'{0x0000000088bcf1b8}> (0x0000000088bcf1b8) thrown at [./src/hotspot/share/prims/jni.cpp, line 615]
Event: 5.052 Thread 0x000001460063d000 Exception <a 'sun/nio/fs/WindowsException'{0x0000000088bcfbb0}> (0x0000000088bcfbb0) thrown at [./src/hotspot/share/prims/jni.cpp, line 615]
Event: 5.052 Thread 0x000001460063d000 Exception <a 'sun/nio/fs/WindowsException'{0x0000000088bd04b8}> (0x0000000088bd04b8) thrown at [./src/hotspot/share/prims/jni.cpp, line 615]
Event: 5.052 Thread 0x000001460063d000 Exception <a 'sun/nio/fs/WindowsException'{0x0000000088bd0df0}> (0x0000000088bd0df0) thrown at [./src/hotspot/share/prims/jni.cpp, line 615]
Event: 5.058 Thread 0x000001460063d000 Exception <a 'java/lang/NoSuchMethodError'{0x0000000088bd7600}: 'void java.lang.invoke.DirectMethodHandle$Holder.invokeStatic(java.lang.Object, java.lang.Object, java.lang.Object, java.lang.Object)'> (0x0000000088bd7600) thrown at [./src/hotspot/share/interpreter/linkResolver.cpp, line 773]
Event: 5.195 Thread 0x000001460063d000 Exception <a 'java/lang/NoSuchMethodError'{0x00000000887b7348}: 'void java.lang.invoke.DirectMethodHandle$Holder.invokeStaticInit(java.lang.Object, java.lang.Object)'> (0x00000000887b7348) thrown at [./src/hotspot/share/interpreter/linkResolver.cpp, line 773]
Event: 5.374 Thread 0x000001460063d000 Exception <a 'java/lang/NoSuchMethodError'{0x00000000883d7d18}: 'void java.lang.invoke.DirectMethodHandle$Holder.invokeVirtual(java.lang.Object, java.lang.Object)'> (0x00000000883d7d18) thrown at [./src/hotspot/share/interpreter/linkResolver.cpp, line 773]
Event: 5.400 Thread 0x000001460063d000 Exception <a 'java/lang/NoSuchMethodError'{0x0000000088249990}: 'int java.lang.invoke.DirectMethodHandle$Holder.invokeVirtual(java.lang.Object, java.lang.Object)'> (0x0000000088249990) thrown at [./src/hotspot/share/interpreter/linkResolver.cpp, line 773]
Event: 7.109 Thread 0x000001460063d000 Exception <a 'java/lang/NoSuchMethodError'{0x000000008902ef00}: 'java.lang.Object java.lang.invoke.DirectMethodHandle$Holder.invokeVirtual(java.lang.Object, java.lang.Object, java.lang.Object)'> (0x000000008902ef00) thrown at [./src/hotspot/share/interpreter/linkResolver.cpp, line 773]

Events (20 events):
Event: 8.146 loading class org/jetbrains/kotlin/resolve/lazy/FileScopeProviderImpl
Event: 8.146 loading class org/jetbrains/kotlin/resolve/lazy/FileScopeProviderImpl done
Event: 8.147 loading class org/jetbrains/kotlin/resolve/lazy/FileScopeFactory
Event: 8.147 loading class org/jetbrains/kotlin/resolve/lazy/FileScopeFactory done
Event: 8.148 loading class org/jetbrains/kotlin/container/DefaultSingletonTypeComponentDescriptor
Event: 8.148 loading class org/jetbrains/kotlin/container/DefaultSingletonTypeComponentDescriptor done
Event: 8.168 loading class org/jetbrains/kotlin/resolve/lazy/ImportResolutionComponents
Event: 8.168 loading class org/jetbrains/kotlin/resolve/lazy/ImportResolutionComponents done
Event: 8.169 loading class org/jetbrains/kotlin/resolve/lazy/FileScopeFactory$DefaultImportResolvers
Event: 8.169 loading class org/jetbrains/kotlin/resolve/lazy/FileScopeFactory$DefaultImportResolvers done
Event: 8.170 loading class org/jetbrains/kotlin/resolve/lazy/FileScopeFactory$DummyContainerDescriptor
Event: 8.170 loading class org/jetbrains/kotlin/resolve/lazy/FileScopeFactory$DummyContainerDescriptor done
Event: 8.171 loading class org/jetbrains/kotlin/resolve/lazy/FileScopeFactory$FilteringKind
Event: 8.171 loading class org/jetbrains/kotlin/resolve/lazy/FileScopeFactory$FilteringKind done
Event: 8.176 loading class org/jetbrains/kotlin/resolve/BodyResolver$1
Event: 8.176 loading class org/jetbrains/kotlin/resolve/BodyResolver$1 done
Event: 8.178 loading class org/jetbrains/kotlin/resolve/ControlFlowAnalyzer
Event: 8.178 loading class org/jetbrains/kotlin/resolve/ControlFlowAnalyzer done
Event: 8.179 loading class org/jetbrains/kotlin/resolve/AnalyzerExtensions
Event: 8.179 loading class org/jetbrains/kotlin/resolve/AnalyzerExtensions done


Dynamic libraries:
0x00007ff7e9d10000 - 0x00007ff7e9d1a000 	C:\Program Files\Android\Android Studio\jre\bin\java.exe
0x00007ff980030000 - 0x00007ff980227000 	C:\WINDOWS\SYSTEM32\ntdll.dll
0x00007ff97fb60000 - 0x00007ff97fc1d000 	C:\WINDOWS\System32\KERNEL32.DLL
0x00007ff97d9e0000 - 0x00007ff97dcad000 	C:\WINDOWS\System32\KERNELBASE.dll
0x00007ff97dde0000 - 0x00007ff97dee0000 	C:\WINDOWS\System32\ucrtbase.dll
0x00007ff95fcd0000 - 0x00007ff95fce7000 	C:\Program Files\Android\Android Studio\jre\bin\VCRUNTIME140.dll
0x00007ff975540000 - 0x00007ff975559000 	C:\Program Files\Android\Android Studio\jre\bin\jli.dll
0x00007ff97f9c0000 - 0x00007ff97fb60000 	C:\WINDOWS\System32\USER32.dll
0x00007ff97d900000 - 0x00007ff97d922000 	C:\WINDOWS\System32\win32u.dll
0x00007ff97ea00000 - 0x00007ff97ea2a000 	C:\WINDOWS\System32\GDI32.dll
0x00007ff97df80000 - 0x00007ff97e08b000 	C:\WINDOWS\System32\gdi32full.dll
0x00007ff97dee0000 - 0x00007ff97df7d000 	C:\WINDOWS\System32\msvcp_win.dll
0x00007ff96eaf0000 - 0x00007ff96ed8a000 	C:\WINDOWS\WinSxS\amd64_microsoft.windows.common-controls_6595b64144ccf1df_6.0.19041.1110_none_60b5254171f9507e\COMCTL32.dll
0x00007ff97e5c0000 - 0x00007ff97e65e000 	C:\WINDOWS\System32\msvcrt.dll
0x00007ff97fd00000 - 0x00007ff97fd30000 	C:\WINDOWS\System32\IMM32.DLL
0x00007ff93f9c0000 - 0x00007ff93fa5d000 	C:\Program Files\Android\Android Studio\jre\bin\msvcp140.dll
0x00007ff93bff0000 - 0x00007ff93cad5000 	C:\Program Files\Android\Android Studio\jre\bin\server\jvm.dll
0x00007ff97e6f0000 - 0x00007ff97e79e000 	C:\WINDOWS\System32\ADVAPI32.dll
0x00007ff97fd50000 - 0x00007ff97fdec000 	C:\WINDOWS\System32\sechost.dll
0x00007ff97fdf0000 - 0x00007ff97ff15000 	C:\WINDOWS\System32\RPCRT4.dll
0x00007ff97f950000 - 0x00007ff97f958000 	C:\WINDOWS\System32\PSAPI.DLL
0x00007ff9791d0000 - 0x00007ff9791d9000 	C:\WINDOWS\SYSTEM32\WSOCK32.dll
0x00007ff97ef10000 - 0x00007ff97ef7b000 	C:\WINDOWS\System32\WS2_32.dll
0x00007ff96cee0000 - 0x00007ff96cf07000 	C:\WINDOWS\SYSTEM32\WINMM.dll
0x00007ff96ede0000 - 0x00007ff96edea000 	C:\WINDOWS\SYSTEM32\VERSION.dll
0x00007ff97b650000 - 0x00007ff97b662000 	C:\WINDOWS\SYSTEM32\kernel.appcore.dll
0x00007ff976ca0000 - 0x00007ff976cb1000 	C:\Program Files\Android\Android Studio\jre\bin\verify.dll
0x00007ff96d7a0000 - 0x00007ff96d984000 	C:\WINDOWS\SYSTEM32\DBGHELP.DLL
0x00007ff96d770000 - 0x00007ff96d79c000 	C:\WINDOWS\SYSTEM32\dbgcore.DLL
0x00007ff97dd50000 - 0x00007ff97ddd2000 	C:\WINDOWS\System32\bcryptPrimitives.dll
0x00007ff96edb0000 - 0x00007ff96edd9000 	C:\Program Files\Android\Android Studio\jre\bin\java.dll
0x00007ff979190000 - 0x00007ff97919b000 	C:\Program Files\Android\Android Studio\jre\bin\jimage.dll
0x00007ff96f180000 - 0x00007ff96f198000 	C:\Program Files\Android\Android Studio\jre\bin\zip.dll
0x00007ff97ef80000 - 0x00007ff97f6c4000 	C:\WINDOWS\System32\SHELL32.dll
0x00007ff97b850000 - 0x00007ff97bfe4000 	C:\WINDOWS\SYSTEM32\windows.storage.dll
0x00007ff97e090000 - 0x00007ff97e3e4000 	C:\WINDOWS\System32\combase.dll
0x00007ff97d0e0000 - 0x00007ff97d10c000 	C:\WINDOWS\SYSTEM32\Wldp.dll
0x00007ff97e510000 - 0x00007ff97e5bd000 	C:\WINDOWS\System32\SHCORE.dll
0x00007ff97f960000 - 0x00007ff97f9b5000 	C:\WINDOWS\System32\shlwapi.dll
0x00007ff97d690000 - 0x00007ff97d6af000 	C:\WINDOWS\SYSTEM32\profapi.dll
0x00007ff96b630000 - 0x00007ff96b64a000 	C:\Program Files\Android\Android Studio\jre\bin\net.dll
0x00007ff970d50000 - 0x00007ff970e5a000 	C:\WINDOWS\SYSTEM32\WINHTTP.dll
0x00007ff97ce40000 - 0x00007ff97ceaa000 	C:\WINDOWS\system32\mswsock.dll
0x00007ff96b610000 - 0x00007ff96b624000 	C:\Program Files\Android\Android Studio\jre\bin\nio.dll

dbghelp: loaded successfully - version: 4.0.5 - missing functions: none
symbol engine: initialized successfully - sym options: 0x614 - pdb path: .;C:\Program Files\Android\Android Studio\jre\bin;C:\WINDOWS\SYSTEM32;C:\WINDOWS\WinSxS\amd64_microsoft.windows.common-controls_6595b64144ccf1df_6.0.19041.1110_none_60b5254171f9507e;C:\Program Files\Android\Android Studio\jre\bin\server

VM Arguments:
java_command: org.jetbrains.kotlin.cli.jvm.K2JVMCompiler @C:\Users\ojard\Desktop\proje\AboutMe\app\build\20220712_2757786659917626106.compiler.options
java_class_path (initial): C:\Users\ojard\.gradle\caches\modules-2\files-2.1\org.jetbrains.kotlin\kotlin-compiler-embeddable\1.6.10\88f2073f4020cdb83132cfe940ceb9a60aba54ea\kotlin-compiler-embeddable-1.6.10.jar;C:\Users\ojard\.gradle\caches\modules-2\files-2.1\org.jetbrains.kotlin\kotlin-reflect\1.6.10\1cbe9c92c12a94eea200d23c2bbaedaf3daf5132\kotlin-reflect-1.6.10.jar;C:\Users\ojard\.gradle\caches\modules-2\files-2.1\org.jetbrains.kotlin\kotlin-stdlib\1.6.10\b8af3fe6f1ca88526914929add63cf5e7c5049af\kotlin-stdlib-1.6.10.jar;C:\Users\ojard\.gradle\caches\modules-2\files-2.1\org.jetbrains.kotlin\kotlin-script-runtime\1.6.10\d0a7ff2e2500ef497ed0214ae40ad3c8387a6164\kotlin-script-runtime-1.6.10.jar;C:\Users\ojard\.gradle\caches\modules-2\files-2.1\org.jetbrains.kotlin\kotlin-daemon-embeddable\1.6.10\a56d79bcbea411fa6058e4ecffc2de73e742bd2a\kotlin-daemon-embeddable-1.6.10.jar;C:\Users\ojard\.gradle\caches\modules-2\files-2.1\org.jetbrains.intellij.deps\trove4j\1.0.20181211\216c2e14b070f334479d800987affe4054cd563f\trove4j-1.0.20181211.jar;C:\Users\ojard\.gradle\caches\modules-2\files-2.1\net.java.dev.jna\jna\5.6.0\330f2244e9030119ab3030fc3fededc86713d9cc\jna-5.6.0.jar;C:\Users\ojard\.gradle\caches\modules-2\files-2.1\org.jetbrains\annotations\13.0\919f0dfe192fb4e063e7dacadee7f8bb9a2672a9\annotations-13.0.jar;C:\Users\ojard\.gradle\caches\modules-2\files-2.1\org.jetbrains.kotlin\kotlin-stdlib-common\1.6.10\c118700e3a33c8a0d9adc920e9dec0831171925\kotlin-stdlib-common-1.6.10.jar
Launcher Type: SUN_STANDARD

[Global flags]
     intx CICompilerCount                          = 3                                         {product} {ergonomic}
     uint ConcGCThreads                            = 1                                         {product} {ergonomic}
     uint G1ConcRefinementThreads                  = 4                                         {product} {ergonomic}
   size_t G1HeapRegionSize                         = 1048576                                   {product} {ergonomic}
    uintx GCDrainStackTargetSize                   = 64                                        {product} {ergonomic}
   size_t InitialHeapSize                          = 134217728                                 {product} {ergonomic}
   size_t MarkStackSize                            = 4194304                                   {product} {ergonomic}
   size_t MaxHeapSize                              = 2120220672                                {product} {ergonomic}
   size_t MaxNewSize                               = 1271922688                                {product} {ergonomic}
   size_t MinHeapDeltaBytes                        = 1048576                                   {product} {ergonomic}
    uintx NonNMethodCodeHeapSize                   = 5830732                                {pd product} {ergonomic}
    uintx NonProfiledCodeHeapSize                  = 122913754                              {pd product} {ergonomic}
    uintx ProfiledCodeHeapSize                     = 122913754                              {pd product} {ergonomic}
    uintx ReservedCodeCacheSize                    = 251658240                              {pd product} {ergonomic}
     bool SegmentedCodeCache                       = true                                      {product} {ergonomic}
     bool UseCompressedClassPointers               = true                                 {lp64_product} {ergonomic}
     bool UseCompressedOops                        = true                                 {lp64_product} {ergonomic}
     bool UseG1GC                                  = true                                      {product} {ergonomic}
     bool UseLargePagesIndividualAllocation        = false                                  {pd product} {ergonomic}

Logging:
Log output configuration:
 #0: stdout all=warning uptime,level,tags
 #1: stderr all=off uptime,level,tags

Environment Variables:
PATH=C:\Program Files\Common Files\Oracle\Java\javapath;C:\WINDOWS\system32;C:\WINDOWS;C:\WINDOWS\System32\Wbem;C:\WINDOWS\System32\WindowsPowerShell\v1.0\;C:\WINDOWS\System32\OpenSSH\;C:\ProgramData\chocolatey\bin;C:\Users\ojard\AppData\Local\Microsoft\WindowsApps;C:\Users\ojard\AppData\Roaming\cabal\bin;C:\ProgramData\chocolatey\lib\ghc\tools\ghc-8.10.4\bin;C:\tools\msys64;C:\Users\ojard\AppData\Local\GitHubDesktop\bin
USERNAME=ojard
OS=Windows_NT
PROCESSOR_IDENTIFIER=Intel64 Family 6 Model 142 Stepping 9, GenuineIntel



---------------  S Y S T E M  ---------------

OS: Windows 10 , 64 bit Build 19041 (10.0.19041.1741)
OS uptime: 0 days 15:21 hours

CPU:total 4 (initial active 4) (2 cores per cpu, 2 threads per core) family 6 model 142 stepping 9 microcode 0xb4, cmov, cx8, fxsr, mmx, sse, sse2, sse3, ssse3, sse4.1, sse4.2, popcnt, avx, avx2, aes, clmul, erms, 3dnowpref, lzcnt, ht, tsc, tscinvbit, bmi1, bmi2, adx, fma

Memory: 4k page, system-wide physical 8084M (121M free)
TotalPageFile size 32660M (AvailPageFile size 5M)
current process WorkingSet (physical memory assigned to process): 202M, peak: 202M
current process commit charge ("private bytes"): 284M, peak: 285M

vm_info: OpenJDK 64-Bit Server VM (11.0.12+7-b1504.28-7817840) for windows-amd64 JRE (11.0.12+7-b1504.28-7817840), built on Oct 13 2021 22:12:33 by "builder" with MS VC++ 14.0 (VS2015)

END.
